<?xml version="1.0" encoding="UTF-8"?>
<!-- Generated by org.testng.reporters.JUnitReportReporter -->
<testsuite hostname="Sciencefreek" failures="0" tests="2" name="capstone.ecommerce.tests.BottonlinksTest" time="50.183" errors="0" timestamp="2023-12-14T11:37:07 IST" skipped="0">
  <testcase classname="capstone.ecommerce.tests.BottonlinksTest" name="BottLinkTest1" time="26.216"/>
  <system-out/>
  <testcase classname="capstone.ecommerce.tests.BottonlinksTest" name="BottLinkTest1" time="23.967"/>
  <system-out/>
</testsuite> <!-- capstone.ecommerce.tests.BottonlinksTest -->
