<?xml version="1.0" encoding="UTF-8"?>
<!-- Generated by org.testng.reporters.JUnitReportReporter -->
<testsuite hostname="Sciencefreek" failures="0" tests="1" name="capstone.ecommerce.tests.HomeTest1" time="112.636" errors="0" timestamp="2023-12-03T21:09:20 IST" skipped="0">
  <testcase classname="capstone.ecommerce.tests.HomeTest1" name="HomepageLinkTest1" time="112.636"/>
  <system-out/>
</testsuite> <!-- capstone.ecommerce.tests.HomeTest1 -->
