<?xml version="1.0" encoding="UTF-8"?>
<!-- Generated by org.testng.reporters.JUnitReportReporter -->
<testsuite hostname="Sciencefreek" failures="0" tests="1" name="capstone.ecommerce.tests.MenuBrandsTest" time="22.548" errors="0" timestamp="2023-12-03T21:09:20 IST" skipped="0">
  <testcase classname="capstone.ecommerce.tests.MenuBrandsTest" name="selectbyBrand" time="22.548"/>
  <system-out/>
</testsuite> <!-- capstone.ecommerce.tests.MenuBrandsTest -->
