<?xml version="1.0" encoding="UTF-8"?>
<!-- Generated by org.testng.reporters.JUnitReportReporter -->
<testsuite hostname="Sciencefreek" failures="0" tests="2" name="capstone.ecommerce.tests.LinkverifyTest" time="39.153" errors="0" timestamp="2023-12-14T11:37:07 IST" skipped="0">
  <testcase classname="capstone.ecommerce.tests.LinkverifyTest" name="signupTest1" time="18.509"/>
  <system-out/>
  <testcase classname="capstone.ecommerce.tests.LinkverifyTest" name="signupTest1" time="20.644"/>
  <system-out/>
</testsuite> <!-- capstone.ecommerce.tests.LinkverifyTest -->
