<?xml version="1.0" encoding="UTF-8"?>
<!-- Generated by org.testng.reporters.JUnitReportReporter -->
<testsuite hostname="Sciencefreek" failures="0" tests="2" name="capstone.ecommerce.tests.ShopByDeptTest" time="178.775" errors="0" timestamp="2023-12-14T11:37:07 IST" skipped="0">
  <testcase classname="capstone.ecommerce.tests.ShopByDeptTest" name="deptshop" time="87.386"/>
  <system-out/>
  <testcase classname="capstone.ecommerce.tests.ShopByDeptTest" name="deptshop" time="91.389"/>
  <system-out/>
</testsuite> <!-- capstone.ecommerce.tests.ShopByDeptTest -->
