<?xml version="1.0" encoding="UTF-8"?>
<!-- Generated by org.testng.reporters.JUnitReportReporter -->
<testsuite hostname="Sciencefreek" failures="0" tests="1" name="capstone.ecommerce.tests.SignupTest" time="215.541" errors="0" timestamp="2023-12-08T17:34:40 IST" skipped="0">
  <testcase classname="capstone.ecommerce.tests.SignupTest" name="signupTest" time="215.541"/>
  <system-out/>
</testsuite> <!-- capstone.ecommerce.tests.SignupTest -->
