<?xml version="1.0" encoding="UTF-8"?>
<!-- Generated by org.testng.reporters.JUnitReportReporter -->
<testsuite hostname="Sciencefreek" failures="0" tests="1" name="capstone.ecommerce.tests.SearchaddTest" time="248.939" errors="0" timestamp="2023-12-08T17:34:40 IST" skipped="0">
  <testcase classname="capstone.ecommerce.tests.SearchaddTest" name="seachandAdd" time="248.939"/>
  <system-out/>
</testsuite> <!-- capstone.ecommerce.tests.SearchaddTest -->
