<?xml version="1.0" encoding="UTF-8"?>
<!-- Generated by org.testng.reporters.JUnitReportReporter -->
<testsuite hostname="Sciencefreek" failures="0" tests="2" name="capstone.ecommerce.tests.LoginTest" time="100.314" errors="0" timestamp="2023-12-14T11:37:07 IST" skipped="0">
  <testcase classname="capstone.ecommerce.tests.LoginTest" name="signupTest1" time="53.534"/>
  <system-out/>
  <testcase classname="capstone.ecommerce.tests.LoginTest" name="signupTest1" time="46.780"/>
  <system-out/>
</testsuite> <!-- capstone.ecommerce.tests.LoginTest -->
