<?xml version="1.0" encoding="UTF-8"?>
<!-- Generated by org.testng.reporters.JUnitReportReporter -->
<testsuite hostname="Sciencefreek" failures="0" tests="1" name="capstone.ecommerce.tests.LoginTest" time="51.326" errors="0" timestamp="2023-12-03T21:09:20 IST" skipped="0">
  <testcase classname="capstone.ecommerce.tests.LoginTest" name="signupTest1" time="51.326"/>
  <system-out/>
</testsuite> <!-- capstone.ecommerce.tests.LoginTest -->
