<?xml version="1.0" encoding="UTF-8"?>
<!-- Generated by org.testng.reporters.JUnitReportReporter -->
<testsuite hostname="Sciencefreek" failures="0" tests="1" name="capstone.ecommerce.tests.LoginTest" time="43.857" errors="0" timestamp="2023-12-02T09:48:21 IST" skipped="0">
  <testcase classname="capstone.ecommerce.tests.LoginTest" name="signupTest1" time="43.857"/>
  <system-out/>
</testsuite> <!-- capstone.ecommerce.tests.LoginTest -->
