<?xml version="1.0" encoding="UTF-8"?>
<!-- Generated by org.testng.reporters.JUnitReportReporter -->
<testsuite hostname="Sciencefreek" failures="0" tests="2" name="capstone.ecommerce.tests.SearchaddTest" time="100.209" errors="0" timestamp="2023-12-14T11:37:07 IST" skipped="0">
  <testcase classname="capstone.ecommerce.tests.SearchaddTest" name="seachandAdd" time="62.879"/>
  <system-out/>
  <testcase classname="capstone.ecommerce.tests.SearchaddTest" name="seachandAdd" time="37.330"/>
  <system-out/>
</testsuite> <!-- capstone.ecommerce.tests.SearchaddTest -->
