<?xml version="1.0" encoding="UTF-8"?>
<!-- Generated by org.testng.reporters.JUnitReportReporter -->
<testsuite hostname="Sciencefreek" failures="0" tests="1" name="capstone.ecommerce.tests.MenuBrandsTest" time="42.194" errors="0" timestamp="2023-12-04T10:51:05 IST" skipped="0">
  <testcase classname="capstone.ecommerce.tests.MenuBrandsTest" name="selectbyBrand" time="42.194"/>
  <system-out/>
</testsuite> <!-- capstone.ecommerce.tests.MenuBrandsTest -->
