<?xml version="1.0" encoding="UTF-8"?>
<!-- Generated by org.testng.reporters.JUnitReportReporter -->
<testsuite hostname="Sciencefreek" failures="0" tests="1" name="capstone.ecommerce.tests.MenuTest1" time="9.785" errors="0" timestamp="2023-12-02T15:27:07 IST" skipped="0">
  <testcase classname="capstone.ecommerce.tests.MenuTest1" name="signupTest1" time="9.785"/>
  <system-out/>
</testsuite> <!-- capstone.ecommerce.tests.MenuTest1 -->
