<?xml version="1.0" encoding="UTF-8"?>
<!-- Generated by org.testng.reporters.JUnitReportReporter -->
<testsuite hostname="Sciencefreek" failures="0" tests="1" name="capstone.ecommerce.tests.HomeTest1" time="72.730" errors="0" timestamp="2023-12-04T10:51:05 IST" skipped="0">
  <testcase classname="capstone.ecommerce.tests.HomeTest1" name="HomepageLinkTest1" time="72.730"/>
  <system-out/>
</testsuite> <!-- capstone.ecommerce.tests.HomeTest1 -->
