<?xml version="1.0" encoding="UTF-8"?>
<!-- Generated by org.testng.reporters.JUnitReportReporter -->
<testsuite hostname="Sciencefreek" failures="0" tests="1" name="capstone.ecommerce.tests.SignupTest1" time="3.788" errors="0" timestamp="2023-12-02T09:01:38 IST" skipped="0">
  <testcase classname="capstone.ecommerce.tests.SignupTest1" name="signupTest1" time="3.788"/>
  <system-out/>
</testsuite> <!-- capstone.ecommerce.tests.SignupTest1 -->
