<?xml version="1.0" encoding="UTF-8"?>
<!-- Generated by org.testng.reporters.JUnitReportReporter -->
<testsuite hostname="Sciencefreek" failures="0" tests="1" name="capstone.ecommerce.tests.SignupTest" time="4.929" errors="0" timestamp="2023-12-04T10:51:05 IST" skipped="0">
  <testcase classname="capstone.ecommerce.tests.SignupTest" name="signupTest" time="4.929"/>
  <system-out/>
</testsuite> <!-- capstone.ecommerce.tests.SignupTest -->
